<?xml version="1.0" encoding="UTF-8"?>
<coverage generated="1741119989367" clover="3.2.0">
  <project timestamp="1741119989367" name="All files">
    <metrics statements="16" coveredstatements="16" conditionals="9" coveredconditionals="9" methods="3" coveredmethods="3" elements="28" coveredelements="28" complexity="0" loc="16" ncloc="16" packages="1" files="1" classes="1"/>
    <file name="string-calculator.ts" path="C:\Users\isaur\OneDrive\Desktop\string-calc\src\string-calculator.ts">
      <metrics statements="16" coveredstatements="16" conditionals="9" coveredconditionals="9" methods="3" coveredmethods="3"/>
      <line num="1" count="1" type="stmt"/>
      <line num="3" count="9" type="cond" truecount="1" falsecount="0"/>
      <line num="5" count="8" type="stmt"/>
      <line num="8" count="8" type="cond" truecount="1" falsecount="0"/>
      <line num="9" count="2" type="stmt"/>
      <line num="10" count="2" type="cond" truecount="1" falsecount="0"/>
      <line num="11" count="2" type="stmt"/>
      <line num="14" count="2" type="cond" truecount="3" falsecount="0"/>
      <line num="15" count="1" type="stmt"/>
      <line num="18" count="2" type="stmt"/>
      <line num="21" count="2" type="stmt"/>
      <line num="25" count="8" type="stmt"/>
      <line num="26" count="21" type="stmt"/>
      <line num="28" count="8" type="cond" truecount="1" falsecount="0"/>
      <line num="29" count="1" type="stmt"/>
      <line num="33" count="17" type="cond" truecount="2" falsecount="0"/>
    </file>
  </project>
</coverage>
