{"C:\\Users\\isaur\\OneDrive\\Desktop\\string-calc\\src\\string-calculator.ts": {"path":"C:\\Users\\isaur\\OneDrive\\Desktop\\string-calc\\src\\string-calculator.ts","statementMap":{"0":{"start":{"line":3,"column":4},"end":{"line":3,"column":27}},"1":{"start":{"line":3,"column":18},"end":{"line":3,"column":27}},"2":{"start":{"line":5,"column":20},"end":{"line":5,"column":26}},"3":{"start":{"line":8,"column":4},"end":{"line":23,"column":5}},"4":{"start":{"line":9,"column":20},"end":{"line":9,"column":55}},"5":{"start":{"line":10,"column":6},"end":{"line":22,"column":7}},"6":{"start":{"line":11,"column":26},"end":{"line":11,"column":34}},"7":{"start":{"line":14,"column":8},"end":{"line":16,"column":9}},"8":{"start":{"line":15,"column":10},"end":{"line":15,"column":49}},"9":{"start":{"line":18,"column":8},"end":{"line":20,"column":10}},"10":{"start":{"line":21,"column":8},"end":{"line":21,"column":49}},"11":{"start":{"line":25,"column":21},"end":{"line":25,"column":57}},"12":{"start":{"line":26,"column":22},"end":{"line":26,"column":55}},"13":{"start":{"line":26,"column":47},"end":{"line":26,"column":54}},"14":{"start":{"line":28,"column":4},"end":{"line":30,"column":5}},"15":{"start":{"line":29,"column":6},"end":{"line":29,"column":79}},"16":{"start":{"line":33,"column":4},"end":{"line":33,"column":77}},"17":{"start":{"line":33,"column":42},"end":{"line":33,"column":71}},"18":{"start":{"line":1,"column":0},"end":{"line":1,"column":13}}},"fnMap":{"0":{"name":"(anonymous_0)","decl":{"start":{"line":2,"column":2},"end":{"line":2,"column":5}},"loc":{"start":{"line":2,"column":21},"end":{"line":34,"column":3}}},"1":{"name":"(anonymous_1)","decl":{"start":{"line":26,"column":38},"end":{"line":26,"column":39}},"loc":{"start":{"line":26,"column":47},"end":{"line":26,"column":54}}},"2":{"name":"(anonymous_2)","decl":{"start":{"line":33,"column":27},"end":{"line":33,"column":28}},"loc":{"start":{"line":33,"column":42},"end":{"line":33,"column":71}}}},"branchMap":{"0":{"loc":{"start":{"line":3,"column":4},"end":{"line":3,"column":27}},"type":"if","locations":[{"start":{"line":3,"column":4},"end":{"line":3,"column":27}}]},"1":{"loc":{"start":{"line":8,"column":4},"end":{"line":23,"column":5}},"type":"if","locations":[{"start":{"line":8,"column":4},"end":{"line":23,"column":5}}]},"2":{"loc":{"start":{"line":10,"column":6},"end":{"line":22,"column":7}},"type":"if","locations":[{"start":{"line":10,"column":6},"end":{"line":22,"column":7}}]},"3":{"loc":{"start":{"line":14,"column":8},"end":{"line":16,"column":9}},"type":"if","locations":[{"start":{"line":14,"column":8},"end":{"line":16,"column":9}}]},"4":{"loc":{"start":{"line":14,"column":12},"end":{"line":14,"column":68}},"type":"binary-expr","locations":[{"start":{"line":14,"column":12},"end":{"line":14,"column":39}},{"start":{"line":14,"column":43},"end":{"line":14,"column":68}}]},"5":{"loc":{"start":{"line":28,"column":4},"end":{"line":30,"column":5}},"type":"if","locations":[{"start":{"line":28,"column":4},"end":{"line":30,"column":5}}]},"6":{"loc":{"start":{"line":33,"column":42},"end":{"line":33,"column":71}},"type":"cond-expr","locations":[{"start":{"line":33,"column":56},"end":{"line":33,"column":65}},{"start":{"line":33,"column":68},"end":{"line":33,"column":71}}]}},"s":{"0":9,"1":1,"2":8,"3":8,"4":2,"5":2,"6":2,"7":2,"8":1,"9":2,"10":2,"11":8,"12":8,"13":21,"14":8,"15":1,"16":7,"17":17,"18":1},"f":{"0":9,"1":21,"2":17},"b":{"0":[1],"1":[2],"2":[2],"3":[1],"4":[2,1],"5":[1],"6":[16,1]}}
}
